<?xml version="1.0" encoding="UTF-8"?>
<testng-results ignored="0" total="3" passed="3" failed="0" skipped="0">
  <reporter-output>
  </reporter-output>
  <suite started-at="2022-07-16T20:00:35 CDT" name="All Test Suite" finished-at="2022-07-16T20:00:44 CDT" duration-ms="9135">
    <groups>
    </groups>
    <test started-at="2022-07-16T20:00:35 CDT" name="C:/Java/workspace/SDET-New/Testing_generation/src/test/java/TestCases/TestFunctionality.java" finished-at="2022-07-16T20:00:44 CDT" duration-ms="9135">
      <class name="TestCases.TestFunctionality">
        <test-method is-config="true" signature="setUp()[pri:0, instance:TestCases.TestFunctionality@3059cbc]" started-at="2022-07-16T20:00:35 CDT" name="setUp" finished-at="2022-07-16T20:00:42 CDT" duration-ms="6310" status="PASS">
          <reporter-output>
          </reporter-output>
        </test-method> <!-- setUp -->
        <test-method signature="logInTest()[pri:1, instance:TestCases.TestFunctionality@3059cbc]" started-at="2022-07-16T20:00:42 CDT" name="logInTest" finished-at="2022-07-16T20:00:43 CDT" duration-ms="1818" status="PASS">
          <reporter-output>
          </reporter-output>
        </test-method> <!-- logInTest -->
        <test-method signature="logOut()[pri:2, instance:TestCases.TestFunctionality@3059cbc]" started-at="2022-07-16T20:00:43 CDT" name="logOut" finished-at="2022-07-16T20:00:44 CDT" depends-on-methods="TestCases.TestFunctionality.logInTest" duration-ms="644" status="PASS">
          <reporter-output>
          </reporter-output>
        </test-method> <!-- logOut -->
        <test-method signature="titleTest()[pri:3, instance:TestCases.TestFunctionality@3059cbc]" started-at="2022-07-16T20:00:44 CDT" name="titleTest" finished-at="2022-07-16T20:00:44 CDT" duration-ms="1" status="PASS">
          <reporter-output>
          </reporter-output>
        </test-method> <!-- titleTest -->
        <test-method is-config="true" signature="tearDown()[pri:0, instance:TestCases.TestFunctionality@3059cbc]" started-at="2022-07-16T20:00:44 CDT" name="tearDown" finished-at="2022-07-16T20:00:44 CDT" duration-ms="306" status="PASS">
          <reporter-output>
          </reporter-output>
        </test-method> <!-- tearDown -->
      </class> <!-- TestCases.TestFunctionality -->
    </test> <!-- C:/Java/workspace/SDET-New/Testing_generation/src/test/java/TestCases/TestFunctionality.java -->
  </suite> <!-- All Test Suite -->
</testng-results>
